<?xml version="1.0" encoding="UTF-8"?>
<testsuite name="kr.ac.jejunu.userdao.UserDaoTests" tests="2" skipped="0" failures="0" errors="0" timestamp="2022-04-22T07:50:14" hostname="gimhuibeom-ui-MacBookPro.local" time="0.442">
  <properties/>
  <testcase name="testGet()" classname="kr.ac.jejunu.userdao.UserDaoTests" time="0.386"/>
  <testcase name="insert()" classname="kr.ac.jejunu.userdao.UserDaoTests" time="0.055"/>
  <system-out><![CDATA[]]></system-out>
  <system-err><![CDATA[]]></system-err>
</testsuite>
