<?xml version="1.0" encoding="UTF-8"?>
<testsuite name="kr.ac.jejunu.userdao.UserDaoTests" tests="4" skipped="0" failures="0" errors="0" timestamp="2022-04-22T07:27:58" hostname="gimhuibeom-ui-MacBookPro.local" time="0.612">
  <properties/>
  <testcase name="testGet()" classname="kr.ac.jejunu.userdao.UserDaoTests" time="0.412"/>
  <testcase name="insert()" classname="kr.ac.jejunu.userdao.UserDaoTests" time="0.1"/>
  <testcase name="insertForHalla()" classname="kr.ac.jejunu.userdao.UserDaoTests" time="0.072"/>
  <testcase name="testGetForHalla()" classname="kr.ac.jejunu.userdao.UserDaoTests" time="0.025"/>
  <system-out><![CDATA[]]></system-out>
  <system-err><![CDATA[]]></system-err>
</testsuite>
