<?xml version="1.0" encoding="UTF-8"?>
<testsuite name="kr.ac.jejunu.userdao.UserDaoTests" tests="4" skipped="0" failures="0" errors="0" timestamp="2022-04-22T08:51:21" hostname="gimhuibeom-ui-MacBookPro.local" time="0.617">
  <properties/>
  <testcase name="testGet()" classname="kr.ac.jejunu.userdao.UserDaoTests" time="0.418"/>
  <testcase name="delete()" classname="kr.ac.jejunu.userdao.UserDaoTests" time="0.079"/>
  <testcase name="insert()" classname="kr.ac.jejunu.userdao.UserDaoTests" time="0.054"/>
  <testcase name="update()" classname="kr.ac.jejunu.userdao.UserDaoTests" time="0.063"/>
  <system-out><![CDATA[]]></system-out>
  <system-err><![CDATA[]]></system-err>
</testsuite>
