<?xml version="1.0" encoding="UTF-8"?>
<testsuite name="kr.ac.jejunu.userdao.UserDaoTests" tests="4" skipped="0" failures="0" errors="0" timestamp="2022-04-22T08:38:53" hostname="gimhuibeom-ui-MacBookPro.local" time="0.675">
  <properties/>
  <testcase name="testGet()" classname="kr.ac.jejunu.userdao.UserDaoTests" time="0.452"/>
  <testcase name="delete()" classname="kr.ac.jejunu.userdao.UserDaoTests" time="0.098"/>
  <testcase name="insert()" classname="kr.ac.jejunu.userdao.UserDaoTests" time="0.057"/>
  <testcase name="update()" classname="kr.ac.jejunu.userdao.UserDaoTests" time="0.066"/>
  <system-out><![CDATA[]]></system-out>
  <system-err><![CDATA[]]></system-err>
</testsuite>
